info it worked if it ends with ok
verbose cli [ 'node', '/usr/local/bin/npm', 'publish', '--force' ]
info using npm@1.0.103
info using node@v0.4.12
verbose config file /Users/craig/.npmrc
verbose config file /usr/local/etc/npmrc
verbose config file /usr/local/lib/node_modules/npm/npmrc
verbose publish [ '.' ]
silly testEngine { name: 'bean.http',
silly testEngine   description: 'HTTP beans for beanpole',
silly testEngine   version: '0.0.5',
silly testEngine   author: { name: 'Craig Condon' },
silly testEngine   repository: 
silly testEngine    { type: 'git',
silly testEngine      url: 'git://github.com/spiceapps/bean.http.git' },
silly testEngine   directories: { lib: './lib' },
silly testEngine   dependencies: { structr: '*', vine: '*', mime: '*' },
silly testEngine   devDependencies: { beanpole: '*' },
silly testEngine   main: './plugin/index.js',
silly testEngine   _npmUser: { name: 'architectd', email: 'craig@spiceapps.com' },
silly testEngine   _id: 'bean.http@0.0.5',
silly testEngine   engines: { node: '*' },
silly testEngine   _engineSupported: true,
silly testEngine   _npmVersion: '1.0.103',
silly testEngine   _nodeVersion: 'v0.4.12',
silly testEngine   _defaultsLoaded: true,
silly testEngine   scripts: {} }
verbose caching /Users/craig/Dropbox/Developer/Public/bean.http/package.json
verbose loadDefaults bean.http@0.0.5
info prepublish bean.http@0.0.5
verbose cache add [ '.', null ]
silly cache add: name, spec, args [ undefined, '.', [ '.', null ] ]
verbose parsed url { pathname: '.', href: '.' }
silly testEngine { name: 'bean.http',
silly testEngine   description: 'HTTP beans for beanpole',
silly testEngine   version: '0.0.5',
silly testEngine   author: { name: 'Craig Condon' },
silly testEngine   repository: 
silly testEngine    { type: 'git',
silly testEngine      url: 'git://github.com/spiceapps/bean.http.git' },
silly testEngine   directories: { lib: './lib' },
silly testEngine   dependencies: { structr: '*', vine: '*', mime: '*' },
silly testEngine   devDependencies: { beanpole: '*' },
silly testEngine   main: './plugin/index.js',
silly testEngine   _npmUser: { name: 'architectd', email: 'craig@spiceapps.com' },
silly testEngine   _id: 'bean.http@0.0.5',
silly testEngine   engines: { node: '*' },
silly testEngine   _engineSupported: true,
silly testEngine   _npmVersion: '1.0.103',
silly testEngine   _nodeVersion: 'v0.4.12',
silly testEngine   _defaultsLoaded: true,
silly testEngine   path: '/Users/craig/Dropbox/Developer/Public/bean.http' }
verbose caching package.json
verbose loadDefaults bean.http@0.0.5
verbose pack /Users/craig/Dropbox/Developer/Public/bean.http /var/folders/n1/r96x64mx6jzcbzkbz1ddrw6r0000gn/T/npm-1320526984386/1320526984386-0.6193077405914664/tmp.tgz
verbose mkdir (expected) error ENOENT, No such file or directory '/var/folders/n1/r96x64mx6jzcbzkbz1ddrw6r0000gn/T/npm-1320526984386'
verbose mkdir (expected) error ENOENT, No such file or directory '/var/folders/n1/r96x64mx6jzcbzkbz1ddrw6r0000gn/T/npm-1320526984386/1320526984386-0.6193077405914664'
verbose mkdir done: /var/folders/n1/r96x64mx6jzcbzkbz1ddrw6r0000gn/T/npm-1320526984386/1320526984386-0.6193077405914664 755
verbose mkdir'ed /var/folders/n1/r96x64mx6jzcbzkbz1ddrw6r0000gn/T/npm-1320526984386/1320526984386-0.6193077405914664
verbose tar about to write tar and gzip it.
silly tar args [ '-czvf', '-', '-T', '-' ]
silly spawning [ 'tar',
silly spawning   [ '-czvf', '-', '-T', '-' ],
silly spawning   '/Users/craig/Dropbox/Developer/Public' ]
verbose mkdir (expected) error ENOENT, No such file or directory '/var/folders/n1/r96x64mx6jzcbzkbz1ddrw6r0000gn/T/npm-1320526984386/1320526984386-0.6193077405914664/contents'
verbose mkdir (expected) error ENOENT, No such file or directory '/var/folders/n1/r96x64mx6jzcbzkbz1ddrw6r0000gn/T/npm-1320526984386/1320526984386-0.6193077405914664/contents/___package.npm'
verbose mkdir done: /var/folders/n1/r96x64mx6jzcbzkbz1ddrw6r0000gn/T/npm-1320526984386/1320526984386-0.6193077405914664/contents/___package.npm 755
verbose unpack_ uid, gid [ undefined, undefined ]
verbose unpackTarget /var/folders/n1/r96x64mx6jzcbzkbz1ddrw6r0000gn/T/npm-1320526984386/1320526984386-0.6193077405914664/contents/package
silly gunzTarPerm modes [ '755', '644' ]
silly spawning [ 'tar',
silly spawning   [ '-zmvxpf',
silly spawning     '/var/folders/n1/r96x64mx6jzcbzkbz1ddrw6r0000gn/T/npm-1320526984386/1320526984386-0.6193077405914664/tmp.tgz',
silly spawning     '-o' ],
silly spawning   '/var/folders/n1/r96x64mx6jzcbzkbz1ddrw6r0000gn/T/npm-1320526984386/1320526984386-0.6193077405914664/contents/___package.npm' ]
silly tar err x bean.http/.cupboard
silly tar err x bean.http/.gitignore
silly tar err x bean.http/package.json
silly tar err x bean.http/README.md
silly tar err x bean.http/plugin/index.js
silly tar err x bean.http/plugin/beans/http.gateway/index.js
silly tar err x bean.http/plugin/beans/http.gateway/middleware.js
silly tar err x bean.http/plugin/beans/http.gateway/prettyjson.js
silly tar err x bean.http/plugin/beans/http.server/index.js
silly tar err x bean.http/plugin/beans/http.middleware/index.js
silly tar err x bean.http/plugin/beans/http.middleware/auth/basic.js
silly tar err x bean.http/plugin/beans/http.middleware/session/cookies.js
silly tar err x bean.http/plugin/beans/http.middleware/session/session.js
silly asyncMap in gTP /var/folders/n1/r96x64mx6jzcbzkbz1ddrw6r0000gn/T/npm-1320526984386/1320526984386-0.6193077405914664/contents/___package.npm/bean.http
silly asyncMap in gTP /var/folders/n1/r96x64mx6jzcbzkbz1ddrw6r0000gn/T/npm-1320526984386/1320526984386-0.6193077405914664/contents/___package.npm/bean.http/.cupboard
silly asyncMap in gTP /var/folders/n1/r96x64mx6jzcbzkbz1ddrw6r0000gn/T/npm-1320526984386/1320526984386-0.6193077405914664/contents/___package.npm/bean.http/.gitignore
silly asyncMap in gTP /var/folders/n1/r96x64mx6jzcbzkbz1ddrw6r0000gn/T/npm-1320526984386/1320526984386-0.6193077405914664/contents/___package.npm/bean.http/package.json
silly asyncMap in gTP /var/folders/n1/r96x64mx6jzcbzkbz1ddrw6r0000gn/T/npm-1320526984386/1320526984386-0.6193077405914664/contents/___package.npm/bean.http/README.md
silly asyncMap in gTP /var/folders/n1/r96x64mx6jzcbzkbz1ddrw6r0000gn/T/npm-1320526984386/1320526984386-0.6193077405914664/contents/___package.npm/bean.http/plugin
silly asyncMap in gTP /var/folders/n1/r96x64mx6jzcbzkbz1ddrw6r0000gn/T/npm-1320526984386/1320526984386-0.6193077405914664/contents/___package.npm/bean.http/plugin/index.js
silly asyncMap in gTP /var/folders/n1/r96x64mx6jzcbzkbz1ddrw6r0000gn/T/npm-1320526984386/1320526984386-0.6193077405914664/contents/___package.npm/bean.http/plugin/beans
silly asyncMap in gTP /var/folders/n1/r96x64mx6jzcbzkbz1ddrw6r0000gn/T/npm-1320526984386/1320526984386-0.6193077405914664/contents/___package.npm/bean.http/plugin/beans/http.gateway
silly asyncMap in gTP /var/folders/n1/r96x64mx6jzcbzkbz1ddrw6r0000gn/T/npm-1320526984386/1320526984386-0.6193077405914664/contents/___package.npm/bean.http/plugin/beans/http.gateway/index.js
silly asyncMap in gTP /var/folders/n1/r96x64mx6jzcbzkbz1ddrw6r0000gn/T/npm-1320526984386/1320526984386-0.6193077405914664/contents/___package.npm/bean.http/plugin/beans/http.gateway/middleware.js
silly asyncMap in gTP /var/folders/n1/r96x64mx6jzcbzkbz1ddrw6r0000gn/T/npm-1320526984386/1320526984386-0.6193077405914664/contents/___package.npm/bean.http/plugin/beans/http.gateway/prettyjson.js
silly asyncMap in gTP /var/folders/n1/r96x64mx6jzcbzkbz1ddrw6r0000gn/T/npm-1320526984386/1320526984386-0.6193077405914664/contents/___package.npm/bean.http/plugin/beans/http.server
silly asyncMap in gTP /var/folders/n1/r96x64mx6jzcbzkbz1ddrw6r0000gn/T/npm-1320526984386/1320526984386-0.6193077405914664/contents/___package.npm/bean.http/plugin/beans/http.server/index.js
silly asyncMap in gTP /var/folders/n1/r96x64mx6jzcbzkbz1ddrw6r0000gn/T/npm-1320526984386/1320526984386-0.6193077405914664/contents/___package.npm/bean.http/plugin/beans/http.middleware
silly asyncMap in gTP /var/folders/n1/r96x64mx6jzcbzkbz1ddrw6r0000gn/T/npm-1320526984386/1320526984386-0.6193077405914664/contents/___package.npm/bean.http/plugin/beans/http.middleware/index.js
silly asyncMap in gTP /var/folders/n1/r96x64mx6jzcbzkbz1ddrw6r0000gn/T/npm-1320526984386/1320526984386-0.6193077405914664/contents/___package.npm/bean.http/plugin/beans/http.middleware/auth
silly asyncMap in gTP /var/folders/n1/r96x64mx6jzcbzkbz1ddrw6r0000gn/T/npm-1320526984386/1320526984386-0.6193077405914664/contents/___package.npm/bean.http/plugin/beans/http.middleware/auth/basic.js
silly asyncMap in gTP /var/folders/n1/r96x64mx6jzcbzkbz1ddrw6r0000gn/T/npm-1320526984386/1320526984386-0.6193077405914664/contents/___package.npm/bean.http/plugin/beans/http.middleware/session
silly asyncMap in gTP /var/folders/n1/r96x64mx6jzcbzkbz1ddrw6r0000gn/T/npm-1320526984386/1320526984386-0.6193077405914664/contents/___package.npm/bean.http/plugin/beans/http.middleware/session/cookies.js
silly asyncMap in gTP /var/folders/n1/r96x64mx6jzcbzkbz1ddrw6r0000gn/T/npm-1320526984386/1320526984386-0.6193077405914664/contents/___package.npm/bean.http/plugin/beans/http.middleware/session/session.js
verbose gunzed /var/folders/n1/r96x64mx6jzcbzkbz1ddrw6r0000gn/T/npm-1320526984386/1320526984386-0.6193077405914664/contents/___package.npm/bean.http
verbose rm'ed /var/folders/n1/r96x64mx6jzcbzkbz1ddrw6r0000gn/T/npm-1320526984386/1320526984386-0.6193077405914664/contents/package
verbose renamed [ '/var/folders/n1/r96x64mx6jzcbzkbz1ddrw6r0000gn/T/npm-1320526984386/1320526984386-0.6193077405914664/contents/___package.npm/bean.http',
verbose renamed   '/var/folders/n1/r96x64mx6jzcbzkbz1ddrw6r0000gn/T/npm-1320526984386/1320526984386-0.6193077405914664/contents/package' ]
silly testEngine { name: 'bean.http',
silly testEngine   description: 'HTTP beans for beanpole',
silly testEngine   version: '0.0.5',
silly testEngine   author: { name: 'Craig Condon' },
silly testEngine   repository: 
silly testEngine    { type: 'git',
silly testEngine      url: 'git://github.com/spiceapps/bean.http.git' },
silly testEngine   directories: { lib: './lib' },
silly testEngine   dependencies: { structr: '*', vine: '*', mime: '*' },
silly testEngine   devDependencies: { beanpole: '*' },
silly testEngine   main: './plugin/index.js',
silly testEngine   _npmUser: { name: 'architectd', email: 'craig@spiceapps.com' },
silly testEngine   _id: 'bean.http@0.0.5',
silly testEngine   engines: { node: '*' },
silly testEngine   _engineSupported: true,
silly testEngine   _npmVersion: '1.0.103',
silly testEngine   _nodeVersion: 'v0.4.12',
silly testEngine   _defaultsLoaded: true,
silly testEngine   path: '/var/folders/n1/r96x64mx6jzcbzkbz1ddrw6r0000gn/T/npm-1320526984386/1320526984386-0.6193077405914664/contents/package' }
verbose caching /var/folders/n1/r96x64mx6jzcbzkbz1ddrw6r0000gn/T/npm-1320526984386/1320526984386-0.6193077405914664/contents/package/package.json
verbose loadDefaults bean.http@0.0.5
verbose tarball contents [ 'package' ]
verbose from cache /var/folders/n1/r96x64mx6jzcbzkbz1ddrw6r0000gn/T/npm-1320526984386/1320526984386-0.6193077405914664/contents/package/package.json
verbose pack /var/folders/n1/r96x64mx6jzcbzkbz1ddrw6r0000gn/T/npm-1320526984386/1320526984386-0.6193077405914664/contents/package /Users/craig/.npm/bean.http/0.0.5/package.tgz
verbose mkdir'ed /Users/craig/.npm/bean.http/0.0.5
verbose tar about to write tar and gzip it.
silly tar args [ '-czvf', '-', '-T', '-' ]
silly spawning [ 'tar',
silly spawning   [ '-czvf', '-', '-T', '-' ],
silly spawning   '/var/folders/n1/r96x64mx6jzcbzkbz1ddrw6r0000gn/T/npm-1320526984386/1320526984386-0.6193077405914664/contents' ]
verbose mkdir (expected) error ENOENT, No such file or directory '/Users/craig/.npm/bean.http/0.0.5/___package.npm'
verbose mkdir done: /Users/craig/.npm/bean.http/0.0.5/___package.npm 755
verbose unpack_ uid, gid [ undefined, undefined ]
verbose unpackTarget /Users/craig/.npm/bean.http/0.0.5/package
silly gunzTarPerm modes [ '755', '644' ]
silly spawning [ 'tar',
silly spawning   [ '-zmvxpf',
silly spawning     '/Users/craig/.npm/bean.http/0.0.5/package.tgz',
silly spawning     '-o' ],
silly spawning   '/Users/craig/.npm/bean.http/0.0.5/___package.npm' ]
silly tar err x package/.cupboard
silly tar err x package/.gitignore
silly tar err x package/package.json
silly tar err x package/README.md
silly tar err x package/plugin/index.js
silly tar err x package/plugin/beans/http.gateway/index.js
silly tar err x package/plugin/beans/http.gateway/prettyjson.js
silly tar err x package/plugin/beans/http.gateway/middleware.js
silly tar err x package/plugin/beans/http.server/index.js
silly tar err x package/plugin/beans/http.middleware/index.js
silly tar err x package/plugin/beans/http.middleware/auth/basic.js
silly tar err x package/plugin/beans/http.middleware/session/cookies.js
silly tar err x package/plugin/beans/http.middleware/session/session.js
silly asyncMap in gTP /Users/craig/.npm/bean.http/0.0.5/___package.npm/package
silly asyncMap in gTP /Users/craig/.npm/bean.http/0.0.5/___package.npm/package/.cupboard
silly asyncMap in gTP /Users/craig/.npm/bean.http/0.0.5/___package.npm/package/.gitignore
silly asyncMap in gTP /Users/craig/.npm/bean.http/0.0.5/___package.npm/package/package.json
silly asyncMap in gTP /Users/craig/.npm/bean.http/0.0.5/___package.npm/package/README.md
silly asyncMap in gTP /Users/craig/.npm/bean.http/0.0.5/___package.npm/package/plugin
silly asyncMap in gTP /Users/craig/.npm/bean.http/0.0.5/___package.npm/package/plugin/index.js
silly asyncMap in gTP /Users/craig/.npm/bean.http/0.0.5/___package.npm/package/plugin/beans
silly asyncMap in gTP /Users/craig/.npm/bean.http/0.0.5/___package.npm/package/plugin/beans/http.gateway
silly asyncMap in gTP /Users/craig/.npm/bean.http/0.0.5/___package.npm/package/plugin/beans/http.gateway/index.js
silly asyncMap in gTP /Users/craig/.npm/bean.http/0.0.5/___package.npm/package/plugin/beans/http.gateway/middleware.js
silly asyncMap in gTP /Users/craig/.npm/bean.http/0.0.5/___package.npm/package/plugin/beans/http.gateway/prettyjson.js
silly asyncMap in gTP /Users/craig/.npm/bean.http/0.0.5/___package.npm/package/plugin/beans/http.server
silly asyncMap in gTP /Users/craig/.npm/bean.http/0.0.5/___package.npm/package/plugin/beans/http.server/index.js
silly asyncMap in gTP /Users/craig/.npm/bean.http/0.0.5/___package.npm/package/plugin/beans/http.middleware
silly asyncMap in gTP /Users/craig/.npm/bean.http/0.0.5/___package.npm/package/plugin/beans/http.middleware/index.js
silly asyncMap in gTP /Users/craig/.npm/bean.http/0.0.5/___package.npm/package/plugin/beans/http.middleware/auth
silly asyncMap in gTP /Users/craig/.npm/bean.http/0.0.5/___package.npm/package/plugin/beans/http.middleware/auth/basic.js
silly asyncMap in gTP /Users/craig/.npm/bean.http/0.0.5/___package.npm/package/plugin/beans/http.middleware/session
silly asyncMap in gTP /Users/craig/.npm/bean.http/0.0.5/___package.npm/package/plugin/beans/http.middleware/session/cookies.js
silly asyncMap in gTP /Users/craig/.npm/bean.http/0.0.5/___package.npm/package/plugin/beans/http.middleware/session/session.js
verbose gunzed /Users/craig/.npm/bean.http/0.0.5/___package.npm/package
verbose rm'ed /Users/craig/.npm/bean.http/0.0.5/package
verbose renamed [ '/Users/craig/.npm/bean.http/0.0.5/___package.npm/package',
verbose renamed   '/Users/craig/.npm/bean.http/0.0.5/package' ]
silly testEngine { name: 'bean.http',
silly testEngine   description: 'HTTP beans for beanpole',
silly testEngine   version: '0.0.5',
silly testEngine   author: { name: 'Craig Condon' },
silly testEngine   repository: 
silly testEngine    { type: 'git',
silly testEngine      url: 'git://github.com/spiceapps/bean.http.git' },
silly testEngine   directories: { lib: './lib' },
silly testEngine   dependencies: { structr: '*', vine: '*', mime: '*' },
silly testEngine   devDependencies: { beanpole: '*' },
silly testEngine   main: './plugin/index.js',
silly testEngine   _npmUser: { name: 'architectd', email: 'craig@spiceapps.com' },
silly testEngine   _id: 'bean.http@0.0.5',
silly testEngine   engines: { node: '*' },
silly testEngine   _engineSupported: true,
silly testEngine   _npmVersion: '1.0.103',
silly testEngine   _nodeVersion: 'v0.4.12',
silly testEngine   _defaultsLoaded: true,
silly testEngine   dist: 
silly testEngine    { shasum: '7574c884cd497cc61197fb1116b9a1ae7575d361',
silly testEngine      tarball: 'http://registry.npmjs.org/bean.http/-/bean.http-0.0.5.tgz' } }
verbose caching /Users/craig/.npm/bean.http/0.0.5/package/package.json
verbose loadDefaults bean.http@0.0.5
silly updated sha bytes 10240
info shasum 7574c884cd497cc61197fb1116b9a1ae7575d361
info shasum /Users/craig/.npm/bean.http/0.0.5/package.tgz
verbose from cache /Users/craig/.npm/bean.http/0.0.5/package/package.json
verbose chmod /Users/craig/.npm/bean.http/0.0.5/package.tgz 644
verbose chown [ '/Users/craig/.npm/bean.http/0.0.5/package.tgz',
verbose chown   501,
verbose chown   20 ]
silly publish { name: 'bean.http',
silly publish   description: 'HTTP beans for beanpole',
silly publish   version: '0.0.5',
silly publish   author: { name: 'Craig Condon' },
silly publish   repository: 
silly publish    { type: 'git',
silly publish      url: 'git://github.com/spiceapps/bean.http.git' },
silly publish   directories: { lib: './lib' },
silly publish   dependencies: { structr: '*', vine: '*', mime: '*' },
silly publish   devDependencies: { beanpole: '*' },
silly publish   main: './plugin/index.js',
silly publish   _npmUser: { name: 'architectd', email: 'craig@spiceapps.com' },
silly publish   _id: 'bean.http@0.0.5',
silly publish   engines: { node: '*' },
silly publish   _engineSupported: true,
silly publish   _npmVersion: '1.0.103',
silly publish   _nodeVersion: 'v0.4.12',
silly publish   _defaultsLoaded: true,
silly publish   dist: 
silly publish    { shasum: '7574c884cd497cc61197fb1116b9a1ae7575d361',
silly publish      tarball: 'http://registry.npmjs.org/bean.http/-/bean.http-0.0.5.tgz' } }
verbose PUT bean.http
verbose raw, before any munging bean.http
verbose url resolving [ 'https://registry.npmjs.org/', './bean.http' ]
verbose url resolved https://registry.npmjs.org/bean.http
verbose GET bean.http
verbose raw, before any munging bean.http
verbose url resolving [ 'https://registry.npmjs.org/', './bean.http' ]
verbose url resolved https://registry.npmjs.org/bean.http
verbose PUT bean.http/0.0.5/-tag/latest
verbose raw, before any munging bean.http/0.0.5/-tag/latest
verbose url resolving [ 'https://registry.npmjs.org/',
verbose url resolving   './bean.http/0.0.5/-tag/latest' ]
verbose url resolved https://registry.npmjs.org/bean.http/0.0.5/-tag/latest
ERR! Error sending version data
ERR! Error: forbidden _npmUser must be a current maintainer.
ERR! maintainers=[{"name":"architectd","email":"craig.j.condon@gmail.com"}]
ERR! current user={"name":"architectd","email":"craig.j.condon@gmail.com"}: bean.http/0.0.5/-tag/latest
ERR!     at Request.callback (/usr/local/lib/node_modules/npm/lib/utils/npm-registry-client/request.js:181:12)
ERR!     at Request.<anonymous> (/usr/local/lib/node_modules/npm/node_modules/request/main.js:346:18)
ERR!     at Request.emit (events.js:64:17)
ERR!     at IncomingMessage.<anonymous> (/usr/local/lib/node_modules/npm/node_modules/request/main.js:314:16)
ERR!     at IncomingMessage.emit (events.js:81:20)
ERR!     at HTTPParser.onMessageComplete (http.js:133:23)
ERR!     at CleartextStream.ondata (http.js:1231:22)
ERR!     at CleartextStream._push (tls.js:303:27)
ERR!     at SecurePair.cycle (tls.js:577:20)
ERR!     at EncryptedStream.write (tls.js:96:13)
ERR! Report this *entire* log at:
ERR!     <http://github.com/isaacs/npm/issues>
ERR! or email it to:
ERR!     <npm-@googlegroups.com>
ERR! 
ERR! System Darwin 11.2.0
ERR! command "node" "/usr/local/bin/npm" "publish" "--force"
ERR! cwd /Users/craig/Dropbox/Developer/Public/bean.http
ERR! node -v v0.4.12
ERR! npm -v 1.0.103
verbose exit [ 1, true ]
